# JRE version: Java(TM) SE Runtime Environment (8.0_191-b12) (build 1.8.0_191-b12)
# Java VM: Java HotSpot(TM) 64-Bit Server VM (25.191-b12 mixed mode linux-amd64 compressed oops)
Heap:
 PSYoungGen      total 186880K, used 8761K [0x00000000eab00000, 0x00000000f6c00000, 0x0000000100000000)
  eden space 176128K, 0% used [0x00000000eab00000,0x00000000eab00000,0x00000000f5700000)
  from space 10752K, 81% used [0x00000000f5700000,0x00000000f5f8e580,0x00000000f6180000)
  to   space 8704K, 0% used [0x00000000f6380000,0x00000000f6380000,0x00000000f6c00000)
 ParOldGen       total 40448K, used 13324K [0x00000000c0000000, 0x00000000c2780000, 0x00000000eab00000)
  object space 40448K, 32% used [0x00000000c0000000,0x00000000c0d031a0,0x00000000c2780000)
 Metaspace       used 41903K, capacity 42180K, committed 42496K, reserved 1085440K
  class space    used 6016K, capacity 6109K, committed 6144K, reserved 1048576K
GC Heap History (10 events):
Event: 2,645 GC heap after
Heap after GC invocations=8 (full 0):
 PSYoungGen      total 131584K, used 2678K [0x00000000eab00000, 0x00000000f3200000, 0x0000000100000000)
  eden space 124928K, 0% used [0x00000000eab00000,0x00000000eab00000,0x00000000f2500000)
  from space 6656K, 40% used [0x00000000f2b80000,0x00000000f2e1dbe8,0x00000000f3200000)
  to   space 6656K, 0% used [0x00000000f2500000,0x00000000f2500000,0x00000000f2b80000)
 ParOldGen       total 42496K, used 4950K [0x00000000c0000000, 0x00000000c2980000, 0x00000000eab00000)
  object space 42496K, 11% used [0x00000000c0000000,0x00000000c04d5900,0x00000000c2980000)
 Metaspace       used 20891K, capacity 21046K, committed 21296K, reserved 1067008K
  class space    used 3026K, capacity 3109K, committed 3200K, reserved 1048576K
}
Event: 2,645 GC heap before
{Heap before GC invocations=9 (full 1):
 PSYoungGen      total 131584K, used 2678K [0x00000000eab00000, 0x00000000f3200000, 0x0000000100000000)
  eden space 124928K, 0% used [0x00000000eab00000,0x00000000eab00000,0x00000000f2500000)
  from space 6656K, 40% used [0x00000000f2b80000,0x00000000f2e1dbe8,0x00000000f3200000)
  to   space 6656K, 0% used [0x00000000f2500000,0x00000000f2500000,0x00000000f2b80000)
 ParOldGen       total 42496K, used 4950K [0x00000000c0000000, 0x00000000c2980000, 0x00000000eab00000)
  object space 42496K, 11% used [0x00000000c0000000,0x00000000c04d5900,0x00000000c2980000)
 Metaspace       used 20891K, capacity 21046K, committed 21296K, reserved 1067008K
  class space    used 3026K, capacity 3109K, committed 3200K, reserved 1048576K
Event: 2,680 GC heap after
Heap after GC invocations=9 (full 1):
 PSYoungGen      total 131584K, used 0K [0x00000000eab00000, 0x00000000f3200000, 0x0000000100000000)
  eden space 124928K, 0% used [0x00000000eab00000,0x00000000eab00000,0x00000000f2500000)
  from space 6656K, 0% used [0x00000000f2b80000,0x00000000f2b80000,0x00000000f3200000)
  to   space 6656K, 0% used [0x00000000f2500000,0x00000000f2500000,0x00000000f2b80000)
 ParOldGen       total 26112K, used 4200K [0x00000000c0000000, 0x00000000c1980000, 0x00000000eab00000)
  object space 26112K, 16% used [0x00000000c0000000,0x00000000c041a3f0,0x00000000c1980000)
 Metaspace       used 20891K, capacity 21046K, committed 21296K, reserved 1067008K
  class space    used 3026K, capacity 3109K, committed 3200K, reserved 1048576K
}
Event: 4,485 GC heap before
{Heap before GC invocations=10 (full 1):
 PSYoungGen      total 131584K, used 124928K [0x00000000eab00000, 0x00000000f3200000, 0x0000000100000000)
  eden space 124928K, 100% used [0x00000000eab00000,0x00000000f2500000,0x00000000f2500000)
  from space 6656K, 0% used [0x00000000f2b80000,0x00000000f2b80000,0x00000000f3200000)
  to   space 6656K, 0% used [0x00000000f2500000,0x00000000f2500000,0x00000000f2b80000)
 ParOldGen       total 26112K, used 4200K [0x00000000c0000000, 0x00000000c1980000, 0x00000000eab00000)
  object space 26112K, 16% used [0x00000000c0000000,0x00000000c041a3f0,0x00000000c1980000)
 Metaspace       used 29695K, capacity 29916K, committed 30208K, reserved 1075200K
  class space    used 4233K, capacity 4308K, committed 4352K, reserved 1048576K
Event: 4,508 GC heap after
Heap after GC invocations=10 (full 1):
 PSYoungGen      total 131584K, used 6653K [0x00000000eab00000, 0x00000000f6c00000, 0x0000000100000000)
  eden space 124928K, 0% used [0x00000000eab00000,0x00000000eab00000,0x00000000f2500000)
  from space 6656K, 99% used [0x00000000f2500000,0x00000000f2b7f450,0x00000000f2b80000)
  to   space 8704K, 0% used [0x00000000f6380000,0x00000000f6380000,0x00000000f6c00000)
 ParOldGen       total 26112K, used 7600K [0x00000000c0000000, 0x00000000c1980000, 0x00000000eab00000)
  object space 26112K, 29% used [0x00000000c0000000,0x00000000c076c160,0x00000000c1980000)
 Metaspace       used 29695K, capacity 29916K, committed 30208K, reserved 1075200K
  class space    used 4233K, capacity 4308K, committed 4352K, reserved 1048576K
}
Event: 110,841 GC heap before
{Heap before GC invocations=11 (full 1):
 PSYoungGen      total 131584K, used 93325K [0x00000000eab00000, 0x00000000f6c00000, 0x0000000100000000)
  eden space 124928K, 69% used [0x00000000eab00000,0x00000000effa4310,0x00000000f2500000)
  from space 6656K, 99% used [0x00000000f2500000,0x00000000f2b7f450,0x00000000f2b80000)
  to   space 8704K, 0% used [0x00000000f6380000,0x00000000f6380000,0x00000000f6c00000)
 ParOldGen       total 26112K, used 7600K [0x00000000c0000000, 0x00000000c1980000, 0x00000000eab00000)
  object space 26112K, 29% used [0x00000000c0000000,0x00000000c076c160,0x00000000c1980000)
 Metaspace       used 34979K, capacity 35210K, committed 35496K, reserved 1079296K
  class space    used 4963K, capacity 5047K, committed 5120K, reserved 1048576K
Event: 110,854 GC heap after
Heap after GC invocations=11 (full 1):
 PSYoungGen      total 184832K, used 8697K [0x00000000eab00000, 0x00000000f6c00000, 0x0000000100000000)
  eden space 176128K, 0% used [0x00000000eab00000,0x00000000eab00000,0x00000000f5700000)
  from space 8704K, 99% used [0x00000000f6380000,0x00000000f6bfe640,0x00000000f6c00000)
  to   space 10752K, 0% used [0x00000000f5700000,0x00000000f5700000,0x00000000f6180000)
 ParOldGen       total 26112K, used 9114K [0x00000000c0000000, 0x00000000c1980000, 0x00000000eab00000)
  object space 26112K, 34% used [0x00000000c0000000,0x00000000c08e6a80,0x00000000c1980000)
 Metaspace       used 34979K, capacity 35210K, committed 35496K, reserved 1079296K
  class space    used 4963K, capacity 5047K, committed 5120K, reserved 1048576K
}
Event: 110,854 GC heap before
{Heap before GC invocations=12 (full 2):
 PSYoungGen      total 184832K, used 8697K [0x00000000eab00000, 0x00000000f6c00000, 0x0000000100000000)
  eden space 176128K, 0% used [0x00000000eab00000,0x00000000eab00000,0x00000000f5700000)
  from space 8704K, 99% used [0x00000000f6380000,0x00000000f6bfe640,0x00000000f6c00000)
  to   space 10752K, 0% used [0x00000000f5700000,0x00000000f5700000,0x00000000f6180000)
 ParOldGen       total 26112K, used 9114K [0x00000000c0000000, 0x00000000c1980000, 0x00000000eab00000)
  object space 26112K, 34% used [0x00000000c0000000,0x00000000c08e6a80,0x00000000c1980000)
 Metaspace       used 34979K, capacity 35210K, committed 35496K, reserved 1079296K
  class space    used 4963K, capacity 5047K, committed 5120K, reserved 1048576K
Event: 110,906 GC heap after
Heap after GC invocations=12 (full 2):
 PSYoungGen      total 184832K, used 0K [0x00000000eab00000, 0x00000000f6c00000, 0x0000000100000000)
  eden space 176128K, 0% used [0x00000000eab00000,0x00000000eab00000,0x00000000f5700000)
  from space 8704K, 0% used [0x00000000f6380000,0x00000000f6380000,0x00000000f6c00000)
  to   space 10752K, 0% used [0x00000000f5700000,0x00000000f5700000,0x00000000f6180000)
 ParOldGen       total 40448K, used 13316K [0x00000000c0000000, 0x00000000c2780000, 0x00000000eab00000)
  object space 40448K, 32% used [0x00000000c0000000,0x00000000c0d011a0,0x00000000c2780000)
 Metaspace       used 34979K, capacity 35210K, committed 35496K, reserved 1079296K
  class space    used 4963K, capacity 5047K, committed 5120K, reserved 1048576K
}
Event: 123,207 GC heap before
{Heap before GC invocations=13 (full 2):
 PSYoungGen      total 184832K, used 176128K [0x00000000eab00000, 0x00000000f6c00000, 0x0000000100000000)
  eden space 176128K, 100% used [0x00000000eab00000,0x00000000f5700000,0x00000000f5700000)
  from space 8704K, 0% used [0x00000000f6380000,0x00000000f6380000,0x00000000f6c00000)
  to   space 10752K, 0% used [0x00000000f5700000,0x00000000f5700000,0x00000000f6180000)
 ParOldGen       total 40448K, used 13316K [0x00000000c0000000, 0x00000000c2780000, 0x00000000eab00000)
  object space 40448K, 32% used [0x00000000c0000000,0x00000000c0d011a0,0x00000000c2780000)
 Metaspace       used 41903K, capacity 42180K, committed 42496K, reserved 1085440K
  class space    used 6016K, capacity 6109K, committed 6144K, reserved 1048576K

